<?xml version="1.0" encoding="UTF-8"?>
<testsuite xmlns:xsi="http://www.w3.org/2001/XMLSchema-instance" xsi:noNamespaceSchemaLocation="https://maven.apache.org/surefire/maven-surefire-plugin/xsd/surefire-test-report-3.0.xsd" version="3.0" name="com.estudosjava.estudos.EstudosApplicationTests" time="2.321" tests="1" errors="0" skipped="0" failures="0">
  <properties>
[...]
</properties>
  <testcase name="contextLoads" classname="com.estudosjava.estudos.EstudosApplicationTests" time="0.66">
    <system-out><![CDATA[00:07:09.272 [main] INFO org.springframework.test.context.support.AnnotationConfigContextLoaderUtils -- Could not detect default configuration classes for test class [com.estudosjava.estudos.EstudosApplicationTests]: EstudosApplicationTests does not declare any static, non-private, non-final, nested classes annotated with @Configuration.
00:07:09.360 [main] INFO org.springframework.boot.test.context.SpringBootTestContextBootstrapper -- Found @SpringBootConfiguration com.estudosjava.estudos.EstudosApplication for test class com.estudosjava.estudos.EstudosApplicationTests

  .   ____          _            __ _ _
 /\\ / ___'_ __ _ _(_)_ __  __ _ \ \ \ \
( ( )\___ | '_ | '_| | '_ \/ _` | \ \ \ \
 \\/  ___)| |_)| | | | | || (_| |  ) ) ) )
  '  |____| .__|_| |_|_| |_\__, | / / / /
 =========|_|==============|___/=/_/_/_/

 :: Spring Boot ::                (v3.3.4)

2024-10-11T00:07:09.805-03:00  INFO 23260 --- [estudos] [           main] c.e.estudos.EstudosApplicationTests      : Starting EstudosApplicationTests using Java 22.0.1 with PID 23260 (started by Administrator in C:\Users\Administrator\Desktop\estudos)
2024-10-11T00:07:09.806-03:00  INFO 23260 --- [estudos] [           main] c.e.estudos.EstudosApplicationTests      : No active profile set, falling back to 1 default profile: "default"
2024-10-11T00:07:10.763-03:00  INFO 23260 --- [estudos] [           main] c.e.estudos.EstudosApplicationTests      : Started EstudosApplicationTests in 1.273 seconds (process running for 2.092)
]]></system-out>
    <system-err><![CDATA[WARNING: A Java agent has been loaded dynamically (C:\Users\Administrator\.m2\repository\net\bytebuddy\byte-buddy-agent\1.14.19\byte-buddy-agent-1.14.19.jar)
WARNING: If a serviceability tool is in use, please run with -XX:+EnableDynamicAgentLoading to hide this warning
WARNING: If a serviceability tool is not in use, please run with -Djdk.instrument.traceUsage for more information
WARNING: Dynamic loading of agents will be disallowed by default in a future release
]]></system-err>
  </testcase>
</testsuite>